0 info it worked if it ends with ok
1 verbose cli [ 'E:\\studySoftwares\\node\\node.exe',
1 verbose cli   'E:\\studySoftwares\\node\\node_modules\\npm\\bin\\npm-cli.js',
1 verbose cli   'run',
1 verbose cli   'build' ]
2 info using npm@3.10.3
3 info using node@v6.5.0
4 verbose run-script [ 'prebuild', 'build', 'postbuild' ]
5 info lifecycle source@1.0.0~prebuild: source@1.0.0
6 silly lifecycle source@1.0.0~prebuild: no script for prebuild, continuing
7 info lifecycle source@1.0.0~build: source@1.0.0
8 verbose lifecycle source@1.0.0~build: unsafe-perm in lifecycle true
9 verbose lifecycle source@1.0.0~build: PATH: E:\studySoftwares\node\node_modules\npm\bin\node-gyp-bin;F:\sources\my-test\source-mock\node_modules\.bin;E:\studySoftwares\node;C:\WINDOWS\system32;C:\WINDOWS;C:\WINDOWS\System32\Wbem;C:\WINDOWS\System32\WindowsPowerShell\v1.0\;C:\Program Files (x86)\ATI Technologies\ATI.ACE\Core-Static;E:\studySoftwares\Git\cmd;C:\WINDOWS\system32\config\systemprofile\.dnx\bin;C:\Program Files\Microsoft DNX\Dnvm\;C:\Program Files\Microsoft SQL Server\130\Tools\Binn\;E:\studySoftwares\svn\bin;E:\studySoftwares\slik\bin;E:\studySoftwares\node\;E:\studySoftwares\mysql-5.7.16-winx64\bin;E:\studySoftwares\java\jdk1.8.0_101\bin;C:\Users\miracle\AppData\Roaming\npm;%USERPROFILE%\AppData\Local\Microsoft\WindowsApps;
10 verbose lifecycle source@1.0.0~build: CWD: F:\sources\my-test\source-mock
11 silly lifecycle source@1.0.0~build: Args: [ '/d /s /c', 'webpack' ]
12 silly lifecycle source@1.0.0~build: Returned: code: 1  signal: null
13 info lifecycle source@1.0.0~build: Failed to exec build script
14 verbose stack Error: source@1.0.0 build: `webpack`
14 verbose stack Exit status 1
14 verbose stack     at EventEmitter.<anonymous> (E:\studySoftwares\node\node_modules\npm\lib\utils\lifecycle.js:242:16)
14 verbose stack     at emitTwo (events.js:106:13)
14 verbose stack     at EventEmitter.emit (events.js:191:7)
14 verbose stack     at ChildProcess.<anonymous> (E:\studySoftwares\node\node_modules\npm\lib\utils\spawn.js:40:14)
14 verbose stack     at emitTwo (events.js:106:13)
14 verbose stack     at ChildProcess.emit (events.js:191:7)
14 verbose stack     at maybeClose (internal/child_process.js:877:16)
14 verbose stack     at Process.ChildProcess._handle.onexit (internal/child_process.js:226:5)
15 verbose pkgid source@1.0.0
16 verbose cwd F:\sources\my-test\source-mock
17 error Windows_NT 10.0.15063
18 error argv "E:\\studySoftwares\\node\\node.exe" "E:\\studySoftwares\\node\\node_modules\\npm\\bin\\npm-cli.js" "run" "build"
19 error node v6.5.0
20 error npm  v3.10.3
21 error code ELIFECYCLE
22 error source@1.0.0 build: `webpack`
22 error Exit status 1
23 error Failed at the source@1.0.0 build script 'webpack'.
23 error Make sure you have the latest version of node.js and npm installed.
23 error If you do, this is most likely a problem with the source package,
23 error not with npm itself.
23 error Tell the author that this fails on your system:
23 error     webpack
23 error You can get information on how to open an issue for this project with:
23 error     npm bugs source
23 error Or if that isn't available, you can get their info via:
23 error     npm owner ls source
23 error There is likely additional logging output above.
24 verbose exit [ 1, true ]
